<?xml version="1.0" encoding="UTF-8"?>
<!-- Generated by org.testng.reporters.JUnitXMLReporter -->
<testsuite ignored="0" hostname="LAIBLRLT9076" failures="0" tests="1" name="Default test" time="48.285" errors="0" timestamp="2025-09-11T13:26:35 IST">
  <testcase classname="Practice1.P12Base" name="@BeforeClass SetUp" time="48.209">
    <failure type="org.openqa.selenium.SessionNotCreatedException" message="Could not start a new session. Response code 500. Message: Cannot start the &amp;apos;io.appium.settings&amp;apos; application. Consider checking the driver&amp;apos;s troubleshooting documentation. Original error: Error executing adbExec. Original error: &amp;apos;Command &amp;apos;&amp;apos;C:\Users\murali.krishna\AppData\Local\Android\Sdk\platform-tools\adb.exe&amp;apos; -P 5037 -s emulator-5554 shell am start-activity -n io.appium.settings/.Settings -a android.intent.action.MAIN -c android.intent.category.LAUNCHER&amp;apos; exited with code 1&amp;apos;; Command output: Error type 3
Error: Activity class {io.appium.settings/io.appium.settings.Settings} does not exist.
 
Host info: host: &amp;apos;LAIBLRLT9076&amp;apos;, ip: &amp;apos;192.168.0.106&amp;apos;
Build info: version: &amp;apos;4.34.0&amp;apos;, revision: &amp;apos;707dcb4246*&amp;apos;
System info: os.name: &amp;apos;Windows 11&amp;apos;, os.arch: &amp;apos;amd64&amp;apos;, os.version: &amp;apos;10.0&amp;apos;, java.version: &amp;apos;24.0.2&amp;apos;
Driver info: io.appium.java_client.android.AndroidDriver
Command: [null, newSession {capabilities=[Capabilities {appium:appActivity: io.appium.android.apis.ApiD..., appium:appPackage: io.appium.android.apis, appium:automationName: UiAutomator2, appium:avd: Small_Phone, appium:deviceName: Small_Phone, appium:noReset: true, appium:orientation: LANDSCAPE, platformName: ANDROID}]}]
Capabilities {appium:appActivity: io.appium.android.apis.ApiD..., appium:appPackage: io.appium.android.apis, appium:automationName: UiAutomator2, appium:avd: Small_Phone, appium:deviceName: Small_Phone, appium:noReset: true, appium:orientation: LANDSCAPE, platformName: ANDROID}">
      <![CDATA[org.openqa.selenium.SessionNotCreatedException: Could not start a new session. Response code 500. Message: Cannot start the 'io.appium.settings' application. Consider checking the driver's troubleshooting documentation. Original error: Error executing adbExec. Original error: 'Command ''C:\Users\murali.krishna\AppData\Local\Android\Sdk\platform-tools\adb.exe' -P 5037 -s emulator-5554 shell am start-activity -n io.appium.settings/.Settings -a android.intent.action.MAIN -c android.intent.category.LAUNCHER' exited with code 1'; Command output: Error type 3
Error: Activity class {io.appium.settings/io.appium.settings.Settings} does not exist.
 
Host info: host: 'LAIBLRLT9076', ip: '192.168.0.106'
Build info: version: '4.34.0', revision: '707dcb4246*'
System info: os.name: 'Windows 11', os.arch: 'amd64', os.version: '10.0', java.version: '24.0.2'
Driver info: io.appium.java_client.android.AndroidDriver
Command: [null, newSession {capabilities=[Capabilities {appium:appActivity: io.appium.android.apis.ApiD..., appium:appPackage: io.appium.android.apis, appium:automationName: UiAutomator2, appium:avd: Small_Phone, appium:deviceName: Small_Phone, appium:noReset: true, appium:orientation: LANDSCAPE, platformName: ANDROID}]}]
Capabilities {appium:appActivity: io.appium.android.apis.ApiD..., appium:appPackage: io.appium.android.apis, appium:automationName: UiAutomator2, appium:avd: Small_Phone, appium:deviceName: Small_Phone, appium:noReset: true, appium:orientation: LANDSCAPE, platformName: ANDROID}
at org.openqa.selenium.remote.ProtocolHandshake.createSession(ProtocolHandshake.java:114)
at org.openqa.selenium.remote.ProtocolHandshake.createSession(ProtocolHandshake.java:75)
at org.openqa.selenium.remote.ProtocolHandshake.createSession(ProtocolHandshake.java:61)
at io.appium.java_client.remote.AppiumCommandExecutor.createSession(AppiumCommandExecutor.java:179)
at io.appium.java_client.remote.AppiumCommandExecutor.execute(AppiumCommandExecutor.java:244)
at org.openqa.selenium.remote.RemoteWebDriver.execute(RemoteWebDriver.java:544)
at io.appium.java_client.AppiumDriver.startSession(AppiumDriver.java:313)
at org.openqa.selenium.remote.RemoteWebDriver.<init>(RemoteWebDriver.java:173)
at io.appium.java_client.AppiumDriver.<init>(AppiumDriver.java:101)
at io.appium.java_client.AppiumDriver.<init>(AppiumDriver.java:113)
at io.appium.java_client.android.AndroidDriver.<init>(AndroidDriver.java:109)
at Practice1.P12Base.SetUp(P12_Rotate_ScreenOrientation.java:48)
at Practice1.P12_Rotate_ScreenOrientation.SetUp(P12_Rotate_ScreenOrientation.java:1)
at java.base/jdk.internal.reflect.DirectMethodHandleAccessor.invoke(DirectMethodHandleAccessor.java:104)
at java.base/java.lang.reflect.Method.invoke(Method.java:565)
at org.testng.internal.invokers.MethodInvocationHelper.invokeMethod(MethodInvocationHelper.java:141)
at org.testng.internal.invokers.MethodInvocationHelper.invokeMethodConsideringTimeout(MethodInvocationHelper.java:71)
at org.testng.internal.invokers.ConfigInvoker.invokeConfigurationMethod(ConfigInvoker.java:400)
at org.testng.internal.invokers.ConfigInvoker.invokeConfigurations(ConfigInvoker.java:333)
at org.testng.internal.invokers.TestMethodWorker.invokeBeforeClassMethods(TestMethodWorker.java:188)
at org.testng.internal.invokers.TestMethodWorker.run(TestMethodWorker.java:128)
at java.base/java.util.ArrayList.forEach(ArrayList.java:1604)
at org.testng.TestRunner.privateRun(TestRunner.java:741)
at org.testng.TestRunner.run(TestRunner.java:616)
at org.testng.SuiteRunner.runTest(SuiteRunner.java:421)
at org.testng.SuiteRunner.runSequentially(SuiteRunner.java:413)
at org.testng.SuiteRunner.privateRun(SuiteRunner.java:373)
at org.testng.SuiteRunner.run(SuiteRunner.java:312)
at org.testng.SuiteRunnerWorker.runSuite(SuiteRunnerWorker.java:52)
at org.testng.SuiteRunnerWorker.run(SuiteRunnerWorker.java:95)
at org.testng.TestNG.runSuitesSequentially(TestNG.java:1274)
at org.testng.TestNG.runSuitesLocally(TestNG.java:1208)
at org.testng.TestNG.runSuites(TestNG.java:1112)
at org.testng.TestNG.run(TestNG.java:1079)
at org.testng.remote.AbstractRemoteTestNG.run(AbstractRemoteTestNG.java:115)
at org.testng.remote.RemoteTestNG.initAndRun(RemoteTestNG.java:293)
at org.testng.remote.RemoteTestNG.main(RemoteTestNG.java:91)
]]>
    </failure>
  </testcase> <!-- @BeforeClass SetUp -->
  <testcase classname="Practice1.P12_Rotate_ScreenOrientation" name="FP12" time="0.0">
    <skipped/>
  </testcase> <!-- FP12 -->
</testsuite> <!-- Default test -->
