<?xml version="1.0" encoding="UTF-8"?>
<testng-results ignored="0" total="1" passed="1" failed="0" skipped="0">
  <reporter-output>
  </reporter-output>
  <suite started-at="2025-09-07T21:32:38 IST" name="Default suite" finished-at="2025-09-07T21:32:47 IST" duration-ms="8848">
    <groups>
    </groups>
    <test started-at="2025-09-07T21:32:38 IST" name="Default test" finished-at="2025-09-07T21:32:47 IST" duration-ms="8848">
      <class name="Practice1.P8_SwitchingBetweenApps">
        <test-method is-config="true" signature="P8SwitchApps()[pri:0, instance:Practice1.P8_SwitchingBetweenApps@292b08d6]" started-at="2025-09-07T21:32:38 IST" name="P8SwitchApps" finished-at="2025-09-07T21:32:45 IST" duration-ms="7172" status="PASS">
          <reporter-output>
          </reporter-output>
        </test-method> <!-- P8SwitchApps -->
        <test-method signature="P8FSwithcBetweenApps()[pri:0, instance:Practice1.P8_SwitchingBetweenApps@292b08d6]" started-at="2025-09-07T21:32:45 IST" name="P8FSwithcBetweenApps" finished-at="2025-09-07T21:32:47 IST" duration-ms="1632" status="PASS">
          <reporter-output>
          </reporter-output>
        </test-method> <!-- P8FSwithcBetweenApps -->
      </class> <!-- Practice1.P8_SwitchingBetweenApps -->
    </test> <!-- Default test -->
  </suite> <!-- Default suite -->
</testng-results>
